Arguments: 
  /Users/bytedance/.nvm/versions/node/v14.19.3/bin/node /Users/bytedance/.nvm/versions/node/v14.19.3/bin/yarn

PATH: 
  /opt/homebrew/bin:/opt/homebrew/sbin:/Users/bytedance/.nvm/versions/node/v14.19.3/bin:/Users/bytedance/.oh-my-zsh/custom/plugins/git-open:/usr/local/bin:/usr/bin:/bin:/usr/sbin:/sbin:/opt/puppetlabs/bin:/Library/Apple/usr/bin:/opt/homebrew/bin:/opt/homebrew/sbin:/Users/bytedance/.nvm/versions/node/v14.19.3/bin:/Users/bytedance/.oh-my-zsh/custom/plugins/git-open:/Users/bytedance/.cargo/bin:/Users/bytedance/dev-libs/flutter/bin:/Users/bytedance/dev-libs/flutter/bin

Yarn version: 
  1.22.18

Node version: 
  14.19.3

Platform: 
  darwin x64

Trace: 
  Error: https://registry.yarnpkg.com/typescript: ESOCKETTIMEDOUT
      at ClientRequest.<anonymous> (/Users/bytedance/.nvm/versions/node/v14.19.3/lib/node_modules/yarn/lib/cli.js:141510:19)
      at Object.onceWrapper (events.js:519:28)
      at ClientRequest.emit (events.js:400:28)
      at TLSSocket.emitRequestTimeout (_http_client.js:790:9)
      at Object.onceWrapper (events.js:519:28)
      at TLSSocket.emit (events.js:412:35)
      at TLSSocket.Socket._onTimeout (net.js:495:8)
      at listOnTimeout (internal/timers.js:557:17)
      at processTimers (internal/timers.js:500:7)

npm manifest: 
  {
    "name": "vite-vue-md",
    "private": true,
    "version": "0.0.0",
    "type": "module",
    "scripts": {
      "dev": "vite",
      "build": "vue-tsc --noEmit && vite build",
      "preview": "vite preview"
    },
    "dependencies": {
      "vue": "^3.2.37"
    },
    "devDependencies": {
      "@vitejs/plugin-vue": "^3.0.3",
      "typescript": "^4.6.4",
      "vite": "^3.0.7",
      "vue-tsc": "^0.39.5"
    }
  }

yarn manifest: 
  No manifest

Lockfile: 
  No lockfile
